<?xml version="1.0" encoding="utf-8"?>
<LinearLayout xmlns:android="http://schemas.android.com/apk/res/android"
    android:orientation="vertical" android:layout_width="match_parent"
    android:background="@drawable/list_bg1"
    android:layout_height="match_parent">
    <TextView
        android:layout_width="match_parent"
        android:layout_height="wrap_content"
        android:text="TEST RESULT"
        android:padding="15dp"
        android:textSize="20sp"
        android:layout_marginTop="0dp"
        android:gravity="center"
        android:textStyle="bold"
        android:textColor="#000000"
        />
    <ListView
        android:id="@+id/lvTestResults"
        android:layout_width="match_parent"
        android:layout_height="wrap_content">
    </ListView>







</LinearLayout>